{"level":"debug","time":"2022-06-06T15:24:58.254Z","caller":"cobra@v0.0.6/command.go:844","msg":"HyperExecute cli version: 0.0.182"}
{"level":"debug","time":"2022-06-06T15:24:58.703Z","caller":"cmd/bin.go:158","msg":"Upstream version: {Min:0.0.182 Max:0.0.182} "}
{"level":"debug","time":"2022-06-06T15:24:58.703Z","caller":"cmd/bin.go:158","msg":"Parsing config"}
{"level":"warn","time":"2022-06-06T15:24:58.703Z","caller":"core/lifecycle.go:88","msg":"Found user credentials in env and cli flag both, credentials in env will be ignored"}
{"level":"warn","time":"2022-06-06T15:24:58.703Z","caller":"core/lifecycle.go:88","msg":"Found key credentials in env and cli flag both, credentials in env will be ignored"}
{"level":"debug","time":"2022-06-06T15:24:58.703Z","caller":"yamlconfigmanager/setup.go:58","msg":"Custom location for .hyperexecute.yaml specified. Using: hyperExecute.yaml"}
{"level":"debug","time":"2022-06-06T15:24:58.703Z","caller":"core/lifecycle.go:95","msg":"using hyperexecute config from : hyperExecute.yaml"}
{"level":"debug","time":"2022-06-06T15:24:59.185Z","caller":"core/lifecycle.go:95","msg":"Tunnel: false"}
{"level":"info","time":"2022-06-06T15:24:59.186Z","caller":"core/lifecycle.go:101","msg":"\n\u001b[4m\u001b[1m\u001b[97mExecution Plan\u001b[0m\u001b[0m\u001b[0m"}
{"level":"info","time":"2022-06-06T15:24:59.186Z","caller":"core/lifecycle.go:101","msg":"Mode:    \u001b[36mautosplit\u001b[0m"}
{"level":"info","time":"2022-06-06T15:24:59.186Z","caller":"core/lifecycle.go:101","msg":"Runson:    \u001b[36mwin\u001b[0m"}
{"level":"info","time":"2022-06-06T15:24:59.186Z","caller":"core/lifecycle.go:101","msg":"Concurrency:    \u001b[36m2\u001b[0m"}
{"level":"info","time":"2022-06-06T15:24:59.186Z","caller":"core/lifecycle.go:101","msg":"Report:    \u001b[36mdisabled\u001b[0m"}
{"level":"info","time":"2022-06-06T15:24:59.186Z","caller":"core/lifecycle.go:101","msg":"Cache Directories:"}
{"level":"info","time":"2022-06-06T15:24:59.186Z","caller":"core/lifecycle.go:101","msg":"    \u001b[36m.node_modules\u001b[0m"}
{"level":"info","time":"2022-06-06T15:24:59.186Z","caller":"core/lifecycle.go:101","msg":""}
{"level":"debug","time":"2022-06-06T15:24:59.186Z","caller":"core/lifecycle.go:104","msg":"Warning: Checking data.json file in current directory, no dataJsonPath found in .hyperexecute.yaml"}
{"level":"debug","time":"2022-06-06T15:24:59.186Z","caller":"core/lifecycle.go:104","msg":"Warning: data.json file doesn't exist"}
{"level":"info","time":"2022-06-06T15:25:00.994Z","caller":"cmd/bin.go:158","msg":"\u001b[102m\u001b[1m\u001b[30mYou've consumed 0.00 % of your limit. Free trial mins left - 300.00\u001b[0m\u001b[0m\u001b[0m"}
{"level":"debug","time":"2022-06-06T15:25:00.994Z","caller":"cmd/bin.go:158","msg":"Job ID: 49d085b0-42cd-4ac8-9550-7de2bac08dc8"}
{"level":"debug","time":"2022-06-06T15:25:00.994Z","caller":"core/lifecycle.go:291","msg":"Creating archive of target directory: /workspace/WebdriverIO-HyperExecute-Sample"}
{"level":"debug","time":"2022-06-06T15:25:01.001Z","caller":"core/lifecycle.go:291","msg":"Zip file size: 170KB"}
{"level":"debug","time":"2022-06-06T15:25:01.001Z","caller":"cmd/bin.go:158","msg":"Archive location: /workspace/WebdriverIO-HyperExecute-Sample/hyperexecute-code-49d085b0-42cd-4ac8-9550-7de2bac08dc8.zip\n"}
{"level":"debug","time":"2022-06-06T15:25:01.002Z","caller":"utils/azcopy.go:137","msg":"Downloading dependency binary ..................."}
{"level":"info","time":"2022-06-06T15:25:01.251Z","caller":"utils/azcopy.go:137","msg":"\u001b[91m\u001b[32m✔\u001b[0m Dependency binary downloaded successfully\u001b[0m"}
{"level":"debug","time":"2022-06-06T15:25:01.252Z","caller":"core/lifecycle.go:315","msg":"Payload size: 177.9 kB"}
{"level":"debug","time":"2022-06-06T15:25:01.252Z","caller":"core/lifecycle.go:315","msg":".hyperexecute/azcopy copy \"/workspace/WebdriverIO-HyperExecute-Sample/hyperexecute-code-49d085b0-42cd-4ac8-9550-7de2bac08dc8.zip\" \"https://hypertestproduction.blob.core.windows.net/uploads/49d085b0-42cd-4ac8-9550-7de2bac08dc8.zip?st=2022-06-06T15%3A15%3A00Z&se=2022-06-06T17%3A05%3A00Z&sp=rw&sv=2018-03-28&sr=b&sig=%2FRaEcipwM2bl8YZSfUNU5AkJS%2BnP9KmDF2cvcl0tipc%3D\" --log-level=NONE"}
{"level":"debug","time":"2022-06-06T15:25:03.265Z","caller":"core/lifecycle.go:315","msg":"Uploading yaml : /workspace/WebdriverIO-HyperExecute-Sample/.updatedhyperexecute.yaml"}
{"level":"debug","time":"2022-06-06T15:25:03.265Z","caller":"core/lifecycle.go:315","msg":"Payload size: 584 B"}
{"level":"debug","time":"2022-06-06T15:25:05.280Z","caller":"core/lifecycle.go:315","msg":""}
{"level":"info","time":"2022-06-06T15:25:11.496Z","caller":"core/lifecycle.go:335","msg":"Job \u001b[1m\u001b[4m49d085b0-42cd-4ac8-9550-7de2bac08dc8\u001b[0m\u001b[0m has \u001b[97mRUNNING\u001b[0m"}
{"level":"info","time":"2022-06-06T15:25:11.497Z","caller":"core/lifecycle.go:335","msg":"Job Link: \u001b[4m\u001b[34mhttps://hyperexecute.lambdatest.com/hyperexecute/task?jobId=49d085b0-42cd-4ac8-9550-7de2bac08dc8\u001b[0m\u001b[0m\n"}
{"level":"debug","time":"2022-06-06T15:25:11.497Z","caller":"core/lifecycle.go:335","msg":"New Tasks generated"}
{"level":"debug","time":"2022-06-06T15:25:11.497Z","caller":"core/lifecycle.go:335","msg":"Task id: 2a145d9f-e613-4ac2-a746-2052a4cdb4ca"}
{"level":"debug","time":"2022-06-06T15:25:11.497Z","caller":"core/lifecycle.go:335","msg":"Sending new task alert to stage manager for taskId: 2a145d9f-e613-4ac2-a746-2052a4cdb4ca"}
{"level":"debug","time":"2022-06-06T15:25:11.497Z","caller":"core/lifecycle.go:335","msg":"Task id: 41980076-db97-4e2e-85c4-5d09e75a8b94"}
{"level":"debug","time":"2022-06-06T15:25:11.497Z","caller":"core/lifecycle.go:335","msg":"Sending new task alert to stage manager for taskId: 41980076-db97-4e2e-85c4-5d09e75a8b94"}
{"level":"info","time":"2022-06-06T15:25:11.684Z","caller":"taskstagemanager/tracker.go:342","msg":"\u001b[32m✔\u001b[0m [1]  \u001b[2mcache-download (3s)\u001b[0m\n"}
{"level":"info","time":"2022-06-06T15:25:19.995Z","caller":"taskstagemanager/tracker.go:342","msg":"\u001b[32m✔\u001b[0m [2]  \u001b[2mcache-download (12s)\u001b[0m\n"}
{"level":"info","time":"2022-06-06T15:25:30.986Z","caller":"taskstagemanager/tracker.go:342","msg":"\u001b[32m✔\u001b[0m [1]  \u001b[2mpre (17s)\u001b[0m\n"}
{"level":"info","time":"2022-06-06T15:25:35.231Z","caller":"taskstagemanager/tracker.go:342","msg":"\u001b[32m✔\u001b[0m [1]  \u001b[2mdiscovery (1s)\u001b[0m\n"}
{"level":"info","time":"2022-06-06T15:25:58.310Z","caller":"taskstagemanager/tracker.go:342","msg":"\u001b[32m✔\u001b[0m [2]  \u001b[2mpre (35s)\u001b[0m\n"}
{"level":"info","time":"2022-06-06T15:26:03.323Z","caller":"taskstagemanager/tracker.go:342","msg":"\u001b[32m✔\u001b[0m [2]  \u001b[2mdiscovery (2s)\u001b[0m\n"}
{"level":"info","time":"2022-06-06T15:27:42.649Z","caller":"taskstagemanager/tracker.go:342","msg":"\u001b[32m✔\u001b[0m [1]  \u001b[2mtests/specs/ToDo.js (2m2s)\u001b[0m\n"}
{"level":"info","time":"2022-06-06T15:28:27.162Z","caller":"taskstagemanager/tracker.go:342","msg":"\u001b[32m✔\u001b[0m [2]  \u001b[2mtests/specs/demo.js (2m15s)\u001b[0m\n"}
{"level":"info","time":"2022-06-06T15:29:34.333Z","caller":"taskstagemanager/tracker.go:342","msg":"\u001b[32m✔\u001b[0m [1]  \u001b[2mtests/specs/googleSearch.js (1m52s)\u001b[0m\n"}
{"level":"info","time":"2022-06-06T15:29:39.005Z","caller":"taskstagemanager/tracker.go:342","msg":"\u001b[32m✔\u001b[0m [1]  \u001b[2mcache-upload (1s)\u001b[0m\n"}
{"level":"info","time":"2022-06-06T15:30:19.533Z","caller":"taskstagemanager/tracker.go:342","msg":"\u001b[32m✔\u001b[0m [2]  \u001b[2mtests/specs/single_test.js (1m53s)\u001b[0m\n"}
{"level":"debug","time":"2022-06-06T15:30:21.173Z","caller":"core/lifecycle.go:335","msg":"\n\nJob status"}
{"level":"info","time":"2022-06-06T15:30:21.174Z","caller":"jobmanager/JobSummaryManager.go:39","msg":"    \u001b[1mCumulative Time Consumed\u001b[0m:    9m43s"}
{"level":"info","time":"2022-06-06T15:30:21.174Z","caller":"jobmanager/JobSummaryManager.go:39","msg":"    \u001b[1mTest Execution Time\u001b[0m:         \u001b[92m4m23s\u001b[0m"}
{"level":"info","time":"2022-06-06T15:30:21.174Z","caller":"jobmanager/JobSummaryManager.go:39","msg":"    \u001b[1mFailed Tasks\u001b[0m:                0"}
{"level":"info","time":"2022-06-06T15:30:21.174Z","caller":"jobmanager/JobSummaryManager.go:39","msg":"    \u001b[1mJob Duration Time\u001b[0m:           5m20s"}
{"level":"info","time":"2022-06-06T15:30:21.175Z","caller":"jobmanager/JobSummaryManager.go:39","msg":"    \u001b[1mTotal Tasks\u001b[0m:                 2"}
{"level":"info","time":"2022-06-06T15:30:21.175Z","caller":"jobmanager/JobSummaryManager.go:39","msg":"    \u001b[1mTotal Stages\u001b[0m:                10"}
{"level":"info","time":"2022-06-06T15:30:21.175Z","caller":"jobmanager/JobSummaryManager.go:39","msg":"    \u001b[1mPass stage percentage\u001b[0m:       \u001b[92m100.00%\u001b[0m"}
{"level":"info","time":"2022-06-06T15:30:21.175Z","caller":"jobmanager/JobSummaryManager.go:39","msg":"    \u001b[1mFailed stage percentage\u001b[0m:     0.00%"}
{"level":"info","time":"2022-06-06T15:30:21.175Z","caller":"taskstagemanager/tracker.go:143","msg":""}
{"level":"debug","time":"2022-06-06T15:30:21.589Z","caller":"cmd/bin.go:158","msg":"Successfully deleted code archive: /workspace/WebdriverIO-HyperExecute-Sample/hyperexecute-code-49d085b0-42cd-4ac8-9550-7de2bac08dc8.zip\n"}
{"level":"debug","time":"2022-06-06T15:30:21.589Z","caller":"cmd/bin.go:158","msg":"Context cancelled"}
{"level":"info","time":"2022-06-06T15:30:21.590Z","caller":"cmd/bin.go:158","msg":"\u001b[2mStopping pipeline gracefully\u001b[0m"}
{"level":"debug","time":"2022-06-06T15:30:21.590Z","caller":"cmd/bin.go:158","msg":"Quit requested from main goroutine...."}
{"level":"debug","time":"2022-06-06T15:30:21.590Z","caller":"cmd/bin.go:158","msg":"Waiting for the goroutines to exit"}
{"level":"debug","time":"2022-06-06T15:30:21.590Z","caller":"cmd/bin.go:158","msg":"All goroutines exited"}
{"level":"debug","time":"2022-06-06T15:30:21.867Z","caller":"runtime/asm_amd64.s:1374","msg":"main: all goroutines have finished."}
